<?xml version="1.0" encoding="UTF-8"?>
<testsuites name="jest tests" tests="4" failures="0" time="1.089">
  <testsuite name="Use Case tests" errors="0" failures="0" skipped="0" timestamp="2021-01-03T17:36:31" time="1.031" tests="4">
    <testcase classname="Use Case tests Getting product details" name="Use Case tests Getting product details" time="0.004">
    </testcase>
    <testcase classname="Use Case tests Getting cart details" name="Use Case tests Getting cart details" time="0">
    </testcase>
    <testcase classname="Use Case tests Inserting product details" name="Use Case tests Inserting product details" time="0.001">
    </testcase>
    <testcase classname="Use Case tests Deleting cart details" name="Use Case tests Deleting cart details" time="0">
    </testcase>
  </testsuite>
</testsuites>